Averaged result(MAP)
DataSpecific_TTR_Orthography_Typology5_Geography_PRAG: 0.5065   DataSpecific_TTR_Orthography_Typology5_Geography_Culture: 0.5123  DataSpecific_TTR_Orthography_Typology5_Geography_PRAG_Culture: 0.5745   DataSpecific_TTR_Orthography_Typology5_Geography_OFF: 0.5108      DataSpecific_TTR_Orthography_Typology5_Geography_PRAG_OFF: 0.5090 DataSpecific_TTR_Orthography_Typology5_Geography_Culture_OFF: 0.5345    DataSpecific_TTR_Orthography_Typology5_Geography_PRAG_Culture_OFF: 0.5654 Learned_PRAG: 0.5698    Learned_Culture: 0.7028 Learned_PRAG_Culture: 0.7444      Learned_OFF: 0.6426     Learned_PRAG_OFF: 0.4946        Learned_Culture_OFF: 0.7333       Learned_PRAG_Culture_OFF: 0.7667        Colex: 0.5778   Colex_PRAG: 0.5577      Colex_Culture: 0.7325     Colex_PRAG_Culture: 0.6963      Colex_OFF: 0.5964       Colex_PRAG_OFF: 0.5575  Colex_Culture_OFF: 0.7669 Colex_PRAG_Culture_OFF: 0.6899

Averaged result(NDCG)
DataSpecific_TTR_Orthography_Typology5_Geography_PRAG: 0.5360   DataSpecific_TTR_Orthography_Typology5_Geography_Culture: 0.6071  DataSpecific_TTR_Orthography_Typology5_Geography_PRAG_Culture: 0.6763   DataSpecific_TTR_Orthography_Typology5_Geography_OFF: 0.6017      DataSpecific_TTR_Orthography_Typology5_Geography_PRAG_OFF: 0.5835 DataSpecific_TTR_Orthography_Typology5_Geography_Culture_OFF: 0.6147    DataSpecific_TTR_Orthography_Typology5_Geography_PRAG_Culture_OFF: 0.6273 Learned_PRAG: 0.7387    Learned_Culture: 0.7692 Learned_PRAG_Culture: 0.7653      Learned_OFF: 0.7650     Learned_PRAG_OFF: 0.6230        Learned_Culture_OFF: 0.7387       Learned_PRAG_Culture_OFF: 0.7961        Colex: 0.7141   Colex_PRAG: 0.7195      Colex_Culture: 0.7156     Colex_PRAG_Culture: 0.7633      Colex_OFF: 0.7381       Colex_PRAG_OFF: 0.7326  Colex_Culture_OFF: 0.7934 Colex_PRAG_Culture_OFF: 0.7206

        DataSpecific_TTR_Orthography_Typology5_Geography_PRAG   DataSpecific_TTR_Orthography_Typology5_Geography_Culture  DataSpecific_TTR_Orthography_Typology5_Geography_PRAG_Culture   DataSpecific_TTR_Orthography_Typology5_Geography_OFF      DataSpecific_TTR_Orthography_Typology5_Geography_PRAG_OFF       DataSpecific_TTR_Orthography_Typology5_Geography_Culture_OFF      DataSpecific_TTR_Orthography_Typology5_Geography_PRAG_Culture_OFF Learned_PRAG    Learned_Culture Learned_PRAG_Culture    Learned_OFF     Learned_PRAG_OFF Learned_Culture_OFF      Learned_PRAG_Culture_OFF        Colex   Colex_PRAG      Colex_Culture   Colex_PRAG_Culture        Colex_OFF       Colex_PRAG_OFF  Colex_Culture_OFF       Colex_PRAG_Culture_OFF
COLD    0.2917  0.4167  0.4500  0.3250  0.3333  0.5833  0.3667  0.7500  0.5833  0.5833  0.5000  0.2679  0.7000    0.5833  0.4167  0.5000  0.7500  0.5000  0.4167  0.5000  1.0000  0.8333
ChileOLD        0.2917  0.6667  0.6429  0.3750  0.2500  0.6429  0.6667  0.3667  0.4500  0.5000  0.3250  0.3333    0.5833  0.4500  0.3750  0.3929  0.7500  0.7000  0.4500  0.3929  0.6429  0.3929
DeTox   0.2250  0.2679  0.2500  0.2667  0.2262  0.4500  0.6667  0.3250  0.7500  1.0000  0.7000  0.3250  1.0000    1.0000  0.4500  0.4500  0.7000  0.8333  0.7000  0.4167  0.8333  0.8333
Hindi   0.2917  0.3095  0.6429  0.3750  0.3750  0.3333  0.3929  0.8333  0.8333  0.7500  0.7500  0.4500  0.7500    0.8333  0.6667  0.4167  0.8333  0.7500  0.6667  0.6667  0.8333  0.7500
KOLD    0.5000  0.2917  0.3333  0.6250  0.5000  0.2917  0.3333  0.4167  0.4167  0.3667  0.8333  0.5000  0.4500    0.4500  0.2917  0.5000  0.5000  0.4500  0.3750  0.3333  0.4500  0.3667
NJH_UK  0.6667  0.6667  0.6429  0.6667  0.6429  0.6667  0.6429  0.8333  0.8333  0.8333  0.8333  0.8333  0.8333    1.0000  0.6667  0.6429  0.6667  0.6667  0.6667  0.6667  0.6667  0.6667
NJH_US  0.8333  0.5000  0.7500  0.5833  0.7000  0.5000  0.7500  0.8333  0.8333  0.8333  0.7500  0.7500  0.7500    0.7500  0.6667  0.6667  0.6429  0.6667  0.6429  0.6667  0.6429  0.6667
PolEval 0.7917  0.7917  0.7917  0.6806  0.5536  0.6429  0.5694  0.4028  0.7917  0.8333  0.5917  0.6250  0.8333    0.8333  0.8333  0.8667  1.0000  0.8667  0.8667  0.7917  1.0000  0.8667
TurkishOLD      0.6667  0.7000  0.6667  0.7000  1.0000  0.7000  0.7000  0.3667  0.8333  1.0000  0.5000  0.3667    0.7000  1.0000  0.8333  0.5833  0.7500  0.8333  0.5833  0.5833  0.8333  0.8333
        DataSpecific_TTR_Orthography_Typology5_Geography_PRAG   DataSpecific_TTR_Orthography_Typology5_Geography_Culture  DataSpecific_TTR_Orthography_Typology5_Geography_PRAG_Culture   DataSpecific_TTR_Orthography_Typology5_Geography_OFF      DataSpecific_TTR_Orthography_Typology5_Geography_PRAG_OFF       DataSpecific_TTR_Orthography_Typology5_Geography_Culture_OFF      DataSpecific_TTR_Orthography_Typology5_Geography_PRAG_Culture_OFF Learned_PRAG    Learned_Culture Learned_PRAG_Culture    Learned_OFF     Learned_PRAG_OFF Learned_Culture_OFF      Learned_PRAG_Culture_OFF        Colex   Colex_PRAG      Colex_Culture   Colex_PRAG_Culture        Colex_OFF       Colex_PRAG_OFF  Colex_Culture_OFF       Colex_PRAG_Culture_OFF
COLD    0.3490  0.5966  0.5966  0.3490  0.5731  0.7428  0.5731  0.7962  0.6414  0.6414  0.6307  0.2028  0.6841    0.6531  0.6355  0.7476  0.7407  0.6414  0.6355  0.7476  0.8773  0.8303
ChileOLD        0.3586  0.8090  0.7738  0.4290  0.2689  0.7738  0.5827  0.5966  0.6083  0.6083  0.4835  0.5966    0.6531  0.5635  0.7759  0.7759  0.7524  0.8090  0.8655  0.7759  0.7289  0.4290
DeTox   0.2737  0.4609  0.4711  0.4711  0.3129  0.6583  0.8026  0.5340  0.8231  1.0000  0.7644  0.5340  0.9711    0.9711  0.7067  0.7067  0.5084  0.7821  0.7644  0.6480  0.7821  0.7821
Hindi   0.4269  0.4269  0.6958  0.5518  0.5518  0.4269  0.4621  0.9941  0.7738  0.7193  0.8527  0.5635  0.7193    0.9434  0.6158  0.4738  0.8751  0.7855  0.6062  0.7855  0.8751  0.7855
KOLD    0.4621  0.3020  0.4717  0.6958  0.4621  0.3020  0.4717  0.4952  0.4738  0.2924  0.8538  0.5518  0.4738    0.5635  0.4952  0.6297  0.5635  0.6980  0.6297  0.4952  0.5635  0.5048
NJH_UK  0.7193  0.8090  0.7972  0.7193  0.7193  0.7972  0.7972  0.9434  0.9434  0.9434  0.9434  0.9434  0.9434    0.9669  0.7641  0.7641  0.7641  0.7641  0.7641  0.7641  0.7641  0.7641
NJH_US  0.9434  0.7311  0.8090  0.9104  0.8090  0.7759  0.8090  0.9434  0.9434  0.9434  0.7193  0.7193  0.7193    0.7193  0.7193  0.7193  0.7193  0.7193  0.7193  0.7193  0.7193  0.7193
PolEval 0.7643  0.8020  0.7643  0.7626  0.6774  0.5744  0.5744  0.6317  0.7840  0.7840  0.7823  0.7823  0.7643    0.7840  0.8217  0.8772  1.0000  0.8396  0.8772  0.8772  1.0000  0.8396
TurkishOLD      0.5262  0.5262  0.7076  0.5262  0.8773  0.4813  0.5731  0.7134  0.9317  0.9552  0.8549  0.7134    0.7193  1.0000  0.8927  0.7807  0.5165  0.8303  0.7807  0.7807  0.8303  0.8303